Kkb request: 
Signed_Order_B64: PGRvY3VtZW50PjxtZXJjaGFudCBjZXJ0X2lkPSIwMEMxODJCMTg5IiBuYW1lPSJUZXN0IHNob3AiPjxvcmRlciBvcmRlcl9pZD0iMDAwMDM0IiBhbW91bnQ9IjgwLjAwIiBjdXJyZW5jeT0iMzk4Ij48ZGVwYXJ0bWVudCBtZXJjaGFudF9pZD0iOTIwNjExMDEiIGFtb3VudD0iODAuMDAiLz48L29yZGVyPjwvbWVyY2hhbnQ+PG1lcmNoYW50X3NpZ24gdHlwZT0iUlNBIj5IY3FlTnRFdVpiaFY5ZnJJWGtNNkdZY2pScUtvOGVVc2RvUXloNVNZWXN1WmYrQWw4SnY5ZGpoeTZsYzgrSUw2czlZRmNiY2lMN3FwUHV2djNCSjZSZz09PC9tZXJjaGFudF9zaWduPjwvZG9jdW1lbnQ+
Language: rus
BackLink: http://wordpress38.lcl/?page_id=6&order-received=34&key=wc_order_54d632b03277f
FailureBackLink: http://wordpress38.lcl/?page_id=5&amp;cancel_order=true&amp;order=wc_order_54d632b03277f&amp;order_id=34&amp;redirect&amp;_wpnonce=7088232375
PostLink: http://1b8af1ef.ngrok.com/?wc-api=WC_Gateway_Kkb
email: merzh23@gmail.com

Kkb request: 
Signed_Order_B64: PGRvY3VtZW50PjxtZXJjaGFudCBjZXJ0X2lkPSIwMEMxODJCMTg5IiBuYW1lPSJUZXN0IHNob3AiPjxvcmRlciBvcmRlcl9pZD0iMDAwMDM1IiBhbW91bnQ9IjgwLjAwIiBjdXJyZW5jeT0iMzk4Ij48ZGVwYXJ0bWVudCBtZXJjaGFudF9pZD0iOTIwNjExMDEiIGFtb3VudD0iODAuMDAiLz48L29yZGVyPjwvbWVyY2hhbnQ+PG1lcmNoYW50X3NpZ24gdHlwZT0iUlNBIj54S1ViUmlDRXZLeEpLdFdTTERoblJLVUZlczdabW51MTFNL0M0U3RFREJBcWloZzRlaWw5YytzRnFqK3U4WGU0amRRQk1ucXNFZG5mbGtuNnNkRi9BQT09PC9tZXJjaGFudF9zaWduPjwvZG9jdW1lbnQ+
Language: rus
BackLink: http://wordpress38.lcl/?page_id=6&order-received=35&key=wc_order_54d633627ebfc
FailureBackLink: http://wordpress38.lcl/?page_id=5&amp;cancel_order=true&amp;order=wc_order_54d633627ebfc&amp;order_id=35&amp;redirect&amp;_wpnonce=7088232375
PostLink: http://1b8af1ef.ngrok.com/?wc-api=WC_Gateway_Kkb
email: merzh23@gmail.com

07.02.2015 15:49:40
Kkb request: 
Signed_Order_B64: PGRvY3VtZW50PjxtZXJjaGFudCBjZXJ0X2lkPSIwMEMxODJCMTg5IiBuYW1lPSJUZXN0IHNob3AiPjxvcmRlciBvcmRlcl9pZD0iMDAwMDM2IiBhbW91bnQ9IjgwLjAwIiBjdXJyZW5jeT0iMzk4Ij48ZGVwYXJ0bWVudCBtZXJjaGFudF9pZD0iOTIwNjExMDEiIGFtb3VudD0iODAuMDAiLz48L29yZGVyPjwvbWVyY2hhbnQ+PG1lcmNoYW50X3NpZ24gdHlwZT0iUlNBIj52TTd5YVpEelFvcHhXNlJqZkxnaUZlaTJBRGJPeWl5SEticFJUZHp4Qjc0RHhKT2RpNENGQXJRSFU3VkxCZXl5Y1EyVnVKMkhwVkNlWmNoR0p4M2RBZz09PC9tZXJjaGFudF9zaWduPjwvZG9jdW1lbnQ+
Language: rus
BackLink: http://wordpress38.lcl/?page_id=6&order-received=36&key=wc_order_54d6340b5301a
FailureBackLink: http://wordpress38.lcl/?page_id=5&amp;cancel_order=true&amp;order=wc_order_54d6340b5301a&amp;order_id=36&amp;redirect&amp;_wpnonce=7088232375
PostLink: http://1b8af1ef.ngrok.com/?wc-api=WC_Gateway_Kkb
email: merzh23@gmail.com

07.02.2015 15:52:19
_receivedNotification: response:<document><bank name="Kazkommertsbank JSC"><customer name="xsaxsa xsaxsa" mail="merzh23@gmail.com" phone=""><merchant cert_id="00C182B189" name="null"><order order_id="000036" amount="80.00" currency="398"><department merchant_id="92061101" amount="80.00"/></order></merchant><merchant_sign type="RSA"/></customer><customer_sign type="RSA"/><results timestamp="2015-02-07 21:52:14"><payment merchant_id="92061101" card="440564-XX-XXXX-6150" amount="80.00" reference="150207215213" approval_code="215213" response_code="00" Secure="Yes" card_bin="KAZ" c_hash="13988BBF7C6649F799F36A4808490A3E"/></results></bank><bank_sign cert_id="00C18327E8" type="SHA/RSA">K8qBBrS4lvW8VU8isy6QtdEKktWMXFVhtSW8E13KON9xa5abBYsVymTzSXfB49a5dAwvHl4TXUlbOTMQ0X0dgIPBeTNyLF8ZDA5Ga7KpUuzaqagtCj+9LHqM6LzTOz76py950/5r6R1I7JbWjXJKWXkL77qCdgBEEDzd89cYMKc=</bank_sign></document>
07.02.2015 15:56:10
_sendRequest: 
 url: http://3dsecure.kkb.kz/jsp/remote/control.jsp 
 xml: <document><merchant id="92061101"><command type="complete"/><payment reference="150207215213" approval_code="215213" orderid="000036" amount="80.00" currency_code="398"/><reason></reason></merchant><merchant_sign type="RSA" cert_id="00C182B189">tcCPgk3ERRDPYF0M4AIGgVRH9bk2DkRNhxXB8EbvjsQTcmi6kZuNS//ggEavQCHz1zvLHsrhsUiK4PVRK73+hg==</merchant_sign></document>
07.02.2015 16:00:02
Kkb request: 
Signed_Order_B64: PGRvY3VtZW50PjxtZXJjaGFudCBjZXJ0X2lkPSIwMEMxODJCMTg5IiBuYW1lPSJUZXN0IHNob3AiPjxvcmRlciBvcmRlcl9pZD0iMDAwMDM3IiBhbW91bnQ9IjgwLjAwIiBjdXJyZW5jeT0iMzk4Ij48ZGVwYXJ0bWVudCBtZXJjaGFudF9pZD0iOTIwNjExMDEiIGFtb3VudD0iODAuMDAiLz48L29yZGVyPjwvbWVyY2hhbnQ+PG1lcmNoYW50X3NpZ24gdHlwZT0iUlNBIj5XSmp1ZEhpM1FTcmtOVGdHSW1hN3JlRVZZNmMzMVZjcllJQVdONkk2eVB4UHdOb0pIK3dLc0p1NEFiNExsWkQ5eStTb2krUGlxNXhWRHNweWhXaUVlUT09PC9tZXJjaGFudF9zaWduPjwvZG9jdW1lbnQ+
Language: rus
BackLink: http://wordpress38.lcl/?page_id=6&order-received=37&key=wc_order_54d63676f07cd
FailureBackLink: http://wordpress38.lcl/?page_id=5&amp;cancel_order=true&amp;order=wc_order_54d63676f07cd&amp;order_id=37&amp;redirect&amp;_wpnonce=7088232375
PostLink: http://1b8af1ef.ngrok.com/?wc-api=WC_Gateway_Kkb
email: merzh23@gmail.com

07.02.2015 16:00:22
_receivedNotification: response:<document><bank name="Kazkommertsbank JSC"><customer name="xsaxsa xsaxsa" mail="merzh23@gmail.com" phone=""><merchant cert_id="00C182B189" name="null"><order order_id="000037" amount="80.00" currency="398"><department merchant_id="92061101" amount="80.00"/></order></merchant><merchant_sign type="RSA"/></customer><customer_sign type="RSA"/><results timestamp="2015-02-07 22:00:17"><payment merchant_id="92061101" card="440564-XX-XXXX-6150" amount="80.00" reference="150207220017" approval_code="220017" response_code="00" Secure="Yes" card_bin="KAZ" c_hash="13988BBF7C6649F799F36A4808490A3E"/></results></bank><bank_sign cert_id="00C18327E8" type="SHA/RSA">GdB+FKlwox+8+rBAQaloJcvMmWA1FpYbJp0OsGZ4lM5UebBfHMQtMw/VbjCXEQ5L/xW0BZvuiXonTdgsv5Koczaiz77QaOuKPX6gB9ZW/Itr5SLpPn2TeZHaHgXq2kUNr/c0z9RH1GYAAqVTGLTfY5eLLIFKEHhbol0199hmB4I=</bank_sign></document>

07.02.2015 16:01:23
_sendRequest: 
 url: http://3dsecure.kkb.kz/jsp/remote/control.jsp 
 xml: <document><merchant id="92061101"><command type="complete"/><payment reference="150207220017" approval_code="220017" orderid="000037" amount="80.00" currency_code="398"/><reason></reason></merchant><merchant_sign type="RSA" cert_id="00C182B189">8cHvZQdpC5YHOZxa+U6UIlZTuxgUYn76OGmtO481rgGxi/mv0BKE238NsQOmsxwTq+/KTNa0s8AalwR6KuxjDg==</merchant_sign></document> 

07.02.2015 16:01:27




<?xml version="1.0" encoding="UTF-8"?>
<document><bank name="Kazkommertsbank JSC"><merchant id="92061101"><command type="complete"/><payment reference="150207220017" approval_code="220017" orderid="000037" amount="80.00" currency_code="398"/><reason/></merchant><merchant_sign type="RSA" cert_id="00C182B189">8cHvZQdpC5YHOZxa+U6UIlZTuxgUYn76OGmtO481rgGxi/mv0BKE238NsQOmsxwTq+/KTNa0s8AalwR6KuxjDg==</merchant_sign><response code="00" message="Approved"/></bank><bank_sign type="RSA" cert_id="00C18327E8">S/sa8UzwNOXNkMmqEpDubye5Cc1sqoOrkxyfimQvvwupniBe5LecVVmOOLknu5+Jt8L1Fr3YxN8jTc2AjF2cMyCDCWmvrEWTPHXtYF7DLKl9rpxigrLHCHbsd6sRdI1X6rt0rRMRKHi4pQi8aaHCVUpjWCrpnofCPU9MHvIRQqI=</bank_sign></document>

07.02.2015 16:03:36
_sendRequest: 
 url: http://3dsecure.kkb.kz/jsp/remote/control.jsp 
 xml: <document><merchant id="92061101"><command type="complete"/><payment reference="150207210844" approval_code="210844" orderid="000027" amount="80.00" currency_code="398"/><reason></reason></merchant><merchant_sign type="RSA" cert_id="00C182B189">ho4Eik8E+4Xn9uIw2WNMIXKgxmaevYNQf+uPWUufF/S0/ZoVCrVCdoSuYm0W3hdMjPqdAMmS3K7IJ4MB7DJ7ng==</merchant_sign></document>
07.02.2015 16:03:36
<?xml version="1.0" encoding="UTF-8"?>
<document><bank name="Kazkommertsbank JSC"><merchant id="92061101"><command type="complete"/><payment reference="150207210844" approval_code="210844" orderid="000027" amount="80.00" currency_code="398"/><reason/></merchant><merchant_sign type="RSA" cert_id="00C182B189">ho4Eik8E+4Xn9uIw2WNMIXKgxmaevYNQf+uPWUufF/S0/ZoVCrVCdoSuYm0W3hdMjPqdAMmS3K7IJ4MB7DJ7ng==</merchant_sign><response code="00" message="Approved"/></bank><bank_sign type="RSA" cert_id="00C18327E8">bLK0NRFYYqX4x9BDtLGSKDnwt1O19BbWVQyPGKkgIxVTQYvmDu2LB5aA9EOpiVEIb5ww+WKdCxhoySLfKyiUWqDsC3FMzAfuBvQET3jTu5DtwhEyyMakEBCpqmL/yXmY5RWtTZsL+WUCf+rZOGKhlzNIIS97/CHfR+8uCsRoclU=</bank_sign></document>
07.02.2015 16:06:56
Kkb request: 
Signed_Order_B64: PGRvY3VtZW50PjxtZXJjaGFudCBjZXJ0X2lkPSIwMEMxODJCMTg5IiBuYW1lPSJUZXN0IHNob3AiPjxvcmRlciBvcmRlcl9pZD0iMDAwMDM4IiBhbW91bnQ9IjgwLjAwIiBjdXJyZW5jeT0iMzk4Ij48ZGVwYXJ0bWVudCBtZXJjaGFudF9pZD0iOTIwNjExMDEiIGFtb3VudD0iODAuMDAiLz48L29yZGVyPjwvbWVyY2hhbnQ+PG1lcmNoYW50X3NpZ24gdHlwZT0iUlNBIj5XZ2U4UDhsNy9uNGoxYWpmcXFQMGtNL1dTbGJxaTUxU3hUYVExdktVTG5FN1hRTVB2aWVmTm5PN21VaVh6dTlpei9oL3RXajc4dWdYNHJDMG1abnNjQT09PC9tZXJjaGFudF9zaWduPjwvZG9jdW1lbnQ+
Language: rus
BackLink: http://wordpress38.lcl/?page_id=6&order-received=38&key=wc_order_54d6381c820a1
FailureBackLink: http://wordpress38.lcl/?page_id=5&amp;cancel_order=true&amp;order=wc_order_54d6381c820a1&amp;order_id=38&amp;redirect&amp;_wpnonce=7088232375
PostLink: http://1b8af1ef.ngrok.com/?wc-api=WC_Gateway_Kkb
email: merzh23@gmail.com

07.02.2015 16:07:12
_receivedNotification: response:<document><bank name="Kazkommertsbank JSC"><customer name="cdsa csdacdsa" mail="merzh23@gmail.com" phone=""><merchant cert_id="00C182B189" name="null"><order order_id="000038" amount="80.00" currency="398"><department merchant_id="92061101" amount="80.00"/></order></merchant><merchant_sign type="RSA"/></customer><customer_sign type="RSA"/><results timestamp="2015-02-07 22:07:08"><payment merchant_id="92061101" card="440564-XX-XXXX-6150" amount="80.00" reference="150207220708" approval_code="220708" response_code="00" Secure="Yes" card_bin="KAZ" c_hash="13988BBF7C6649F799F36A4808490A3E"/></results></bank><bank_sign cert_id="00C18327E8" type="SHA/RSA">aiLxThgfhpK74ktWXWnpEiqrAx2ioFEYXNZGfbT1T2u/nFtTV0VvKQt+gw58S5zSrCoL6P700zdYgW6RWWKcawvwuLdY5Y7wrvjLyAEAmlxtYLePzcGatbyZT3RTPZJO2cUpGDRoIpNrVUOpEiS7C4jQzab3MBIV9NDt3awvqqY=</bank_sign></document>

07.02.2015 16:08:11
_sendRequest: 
 url: http://3dsecure.kkb.kz/jsp/remote/control.jsp 
 xml: <document><merchant id="92061101"><command type="complete"/><payment reference="150207220708" approval_code="220708" orderid="000038" amount="80.00" currency_code="398"/><reason></reason></merchant><merchant_sign type="RSA" cert_id="00C182B189">LqoObiJSadE7EKfzADr64VRTdcXjG0n6Tv0CeB8dXvtGxz34pEaKMsvkp564mVY80K2gsCA1KExqU3nQ+lzlHg==</merchant_sign></document> 

07.02.2015 16:08:11
<?xml version="1.0" encoding="UTF-8"?>
<document><bank name="Kazkommertsbank JSC"><merchant id="92061101"><command type="complete"/><payment reference="150207220708" approval_code="220708" orderid="000038" amount="80.00" currency_code="398"/><reason/></merchant><merchant_sign type="RSA" cert_id="00C182B189">LqoObiJSadE7EKfzADr64VRTdcXjG0n6Tv0CeB8dXvtGxz34pEaKMsvkp564mVY80K2gsCA1KExqU3nQ+lzlHg==</merchant_sign><response code="00" message="Approved"/></bank><bank_sign type="RSA" cert_id="00C18327E8">5LVmlwOSquwgvGe20SY5UploO7vTvz2HKop8TRYXl0j2IxdfLl9SAizwZZULDEBfq1m4+Ltm9dELcUty7H5JkQvF0ikLxPCIoUngkxIsmP4PreqxOm7MC9qAl87q2drIJmeOuRqBGCJApdR1FSDNCAwl2rVq5Z4LKI1VBNG4eDM=</bank_sign></document>

07.02.2015 16:10:26
Kkb request: 
Signed_Order_B64: PGRvY3VtZW50PjxtZXJjaGFudCBjZXJ0X2lkPSIwMEMxODJCMTg5IiBuYW1lPSJUZXN0IHNob3AiPjxvcmRlciBvcmRlcl9pZD0iMDAwMDM5IiBhbW91bnQ9IjgwLjAwIiBjdXJyZW5jeT0iMzk4Ij48ZGVwYXJ0bWVudCBtZXJjaGFudF9pZD0iOTIwNjExMDEiIGFtb3VudD0iODAuMDAiLz48L29yZGVyPjwvbWVyY2hhbnQ+PG1lcmNoYW50X3NpZ24gdHlwZT0iUlNBIj4vVkdJRmE2WEswdEFBNlc3bkx2UEN6eGZZQ213ZHd4MFZNR09vdnh6NGJFRHViSzdpcVk4d1BnR3lFQzFvYzJrZXpIeWZjbUovUG41dGpqNldCbUhKQT09PC9tZXJjaGFudF9zaWduPjwvZG9jdW1lbnQ+
Language: rus
BackLink: http://wordpress38.lcl/?page_id=6&order-received=39&key=wc_order_54d638ed82227
FailureBackLink: http://wordpress38.lcl/?page_id=5&amp;cancel_order=true&amp;order=wc_order_54d638ed82227&amp;order_id=39&amp;redirect&amp;_wpnonce=7088232375
PostLink: http://1b8af1ef.ngrok.com/?wc-api=WC_Gateway_Kkb
email: merzh23@gmail.com

07.02.2015 16:10:44
_receivedNotification: response:<document><bank name="Kazkommertsbank JSC"><customer name="cdsa csdacdsa" mail="merzh23@gmail.com" phone=""><merchant cert_id="00C182B189" name="null"><order order_id="000039" amount="80.00" currency="398"><department merchant_id="92061101" amount="80.00"/></order></merchant><merchant_sign type="RSA"/></customer><customer_sign type="RSA"/><results timestamp="2015-02-07 22:10:39"><payment merchant_id="92061101" card="440564-XX-XXXX-6150" amount="80.00" reference="150207221039" approval_code="221039" response_code="00" Secure="Yes" card_bin="KAZ" c_hash="13988BBF7C6649F799F36A4808490A3E"/></results></bank><bank_sign cert_id="00C18327E8" type="SHA/RSA">beRneIzTOkK1elVbFKdpo3ElIa9Z8jN1Pad8RzxX2K1mPFnJR5avTjXzAlpwLXFOAz2hJ1JtgoA+RkED0UpwlMS38RE9+bgWUyN0I6I6LEbQWO2S/SqnOwXpJUXViRhIBMzhIeS2omLKEZrGD1rnIglMOZR322tkhrPEcjK/qrc=</bank_sign></document>

07.02.2015 16:11:07
_sendRequest: 
 url: http://3dsecure.kkb.kz/jsp/remote/control.jsp 
 xml: <document><merchant id="92061101"><command type="complete"/><payment reference="150207221039" approval_code="221039" orderid="000039" amount="80.00" currency_code="398"/><reason></reason></merchant><merchant_sign type="RSA" cert_id="00C182B189">xXpCNa1r5GA3E/RPoCWBRO3EAddOR1wYm5vUTz3c7TUH5xIxcGpT/axoiJEU8j6YdJ4jddaNRfodCA/b3AzqUA==</merchant_sign></document> 

07.02.2015 16:11:07
<?xml version="1.0" encoding="UTF-8"?>
<document><bank name="Kazkommertsbank JSC"><merchant id="92061101"><command type="complete"/><payment reference="150207221039" approval_code="221039" orderid="000039" amount="80.00" currency_code="398"/><reason/></merchant><merchant_sign type="RSA" cert_id="00C182B189">xXpCNa1r5GA3E/RPoCWBRO3EAddOR1wYm5vUTz3c7TUH5xIxcGpT/axoiJEU8j6YdJ4jddaNRfodCA/b3AzqUA==</merchant_sign><response code="00" message="Approved"/></bank><bank_sign type="RSA" cert_id="00C18327E8">EDolRtVTs30fsKhjpwGtgPznWqpLFJd+8RwuC/VWPa07NMgvfFkDP+xzCVveqsreLozCycHcpt+3svAMr8SWyeTAGhBdNvmLHY6Fpr6jP5e45aW2Jg7olRPgNgAFM4lPeFB8K/T9sTir6nFNCowFS+QYAHB6LztaZfBxCdzkTIc=</bank_sign></document>

07.02.2015 16:12:06
Kkb request: 
Signed_Order_B64: PGRvY3VtZW50PjxtZXJjaGFudCBjZXJ0X2lkPSIwMEMxODJCMTg5IiBuYW1lPSJUZXN0IHNob3AiPjxvcmRlciBvcmRlcl9pZD0iMDAwMDQwIiBhbW91bnQ9IjgwLjAwIiBjdXJyZW5jeT0iMzk4Ij48ZGVwYXJ0bWVudCBtZXJjaGFudF9pZD0iOTIwNjExMDEiIGFtb3VudD0iODAuMDAiLz48L29yZGVyPjwvbWVyY2hhbnQ+PG1lcmNoYW50X3NpZ24gdHlwZT0iUlNBIj45WDcrSWdOZzNtZDU2ME9rODdXL3NPbHNUS2RTMlRQU2ROWEdBdDRhT1NRazZ1dEw3dGZrQzZJQjBqUTNUcDdiNEFESU1PN2xwbE5qQk00bHFvaE1IZz09PC9tZXJjaGFudF9zaWduPjwvZG9jdW1lbnQ+
Language: rus
BackLink: http://wordpress38.lcl/?page_id=6&order-received=40&key=wc_order_54d63952a6a66
FailureBackLink: http://wordpress38.lcl/?page_id=5&amp;cancel_order=true&amp;order=wc_order_54d63952a6a66&amp;order_id=40&amp;redirect&amp;_wpnonce=7088232375
PostLink: http://1b8af1ef.ngrok.com/?wc-api=WC_Gateway_Kkb
email: merzh23@gmail.com

07.02.2015 16:12:29
_receivedNotification: response:<document><bank name="Kazkommertsbank JSC"><customer name="xsaxsa xsaxsa" mail="merzh23@gmail.com" phone=""><merchant cert_id="00C182B189" name="null"><order order_id="000040" amount="80.00" currency="398"><department merchant_id="92061101" amount="80.00"/></order></merchant><merchant_sign type="RSA"/></customer><customer_sign type="RSA"/><results timestamp="2015-02-07 22:12:24"><payment merchant_id="92061101" card="440564-XX-XXXX-6150" amount="80.00" reference="150207221224" approval_code="221224" response_code="00" Secure="Yes" card_bin="KAZ" c_hash="13988BBF7C6649F799F36A4808490A3E"/></results></bank><bank_sign cert_id="00C18327E8" type="SHA/RSA">mjKy4R3bJ1FU4MjRki4ybfOUawWozHENJToLtE6Rf/vJADvXL5SdwimvyCmo2rcNzlvtVUt/88BnkRTKsuvDvdBZmnzZj5cQ6rYds+keB1RDARlDxC+4ZSzasprQPgIyOMXZsCiggntvBsdSLlLgRQ1i874PnMvn48XcT7uBwWg=</bank_sign></document>

07.02.2015 16:13:08
_sendRequest: 
 url: http://3dsecure.kkb.kz/jsp/remote/control.jsp 
 xml: <document><merchant id="92061101"><command type="reverse"/><payment reference="150207221224" approval_code="221224" orderid="000040" amount="80.00" currency_code="398"/><reason>Transaction revert</reason></merchant><merchant_sign type="RSA" cert_id="00C182B189">Ahh59A43LWcLS+0QbADOqEFDdN/3ySqXjO7jHbDStUWE4oH7daWvcp34hQZqfjUANJ1AWN++YGDpiJY0/RocKw==</merchant_sign></document> 

07.02.2015 16:13:08
<?xml version="1.0" encoding="UTF-8"?>
<document><bank name="Kazkommertsbank JSC"><merchant id="92061101"><command type="reverse"/><payment reference="150207221224" approval_code="221224" orderid="000040" amount="80.00" currency_code="398"/><reason>Transaction revert</reason></merchant><merchant_sign type="RSA" cert_id="00C182B189">Ahh59A43LWcLS+0QbADOqEFDdN/3ySqXjO7jHbDStUWE4oH7daWvcp34hQZqfjUANJ1AWN++YGDpiJY0/RocKw==</merchant_sign><response code="00" message="Approved"/></bank><bank_sign type="RSA" cert_id="00C18327E8">yV0Og3cqVzfnz43X0zgeA7q+603hnBzZkKHQgkNaW7660AAk9VwrKQLpBElbpXUvwPh8PNLH91fFjrxDQ3E4Qts5skllJyDNF1PlgLjjS9U3SAN6uN99y2O9eMp66BGkgFlXW7xFXhdHhJvQbl4GHJV9dqjRTyflFmh1eWISv0Q=</bank_sign></document>

07.02.2015 16:30:08
Kkb request: 
Signed_Order_B64: PGRvY3VtZW50PjxtZXJjaGFudCBjZXJ0X2lkPSIwMEMxODJCMTg5IiBuYW1lPSJUZXN0IHNob3AiPjxvcmRlciBvcmRlcl9pZD0iMDAwMDQyIiBhbW91bnQ9IjgwLjAwIiBjdXJyZW5jeT0iMzk4Ij48ZGVwYXJ0bWVudCBtZXJjaGFudF9pZD0iOTIwNjExMDEiIGFtb3VudD0iODAuMDAiLz48L29yZGVyPjwvbWVyY2hhbnQ+PG1lcmNoYW50X3NpZ24gdHlwZT0iUlNBIj5PMTZVOW95YjNYaUVRaVVqZ0t6MUE2QVg5ZSthck1KSUlidEswajkxTXR5Mmt3R1RyT0tNclNOTDU0ZWpaMDJZWk4vQVJkM3ZoUmc1ZXhoVHZTazhvdz09PC9tZXJjaGFudF9zaWduPjwvZG9jdW1lbnQ+
Language: rus
BackLink: http://wordpress38.lcl/?page_id=6&order-received=42&key=wc_order_54d63d893417b
FailureBackLink: http://wordpress38.lcl/?page_id=5&amp;cancel_order=true&amp;order=wc_order_54d63d893417b&amp;order_id=42&amp;redirect&amp;_wpnonce=7088232375
PostLink: http://1b8af1ef.ngrok.com/?wc-api=WC_Gateway_Kkb
email: merzh23@gmail.com

07.02.2015 16:30:22
_receivedNotification: response:<document><bank name="Kazkommertsbank JSC"><customer name="xsaxsa xsaxsa" mail="merzh23@gmail.com" phone=""><merchant cert_id="00C182B189" name="null"><order order_id="000042" amount="80.00" currency="398"><department merchant_id="92061101" amount="80.00"/></order></merchant><merchant_sign type="RSA"/></customer><customer_sign type="RSA"/><results timestamp="2015-02-07 22:30:17"><payment merchant_id="92061101" card="440564-XX-XXXX-6150" amount="80.00" reference="150207223017" approval_code="223017" response_code="00" Secure="Yes" card_bin="KAZ" c_hash="13988BBF7C6649F799F36A4808490A3E"/></results></bank><bank_sign cert_id="00C18327E8" type="SHA/RSA">rh+HLbHtmnIeOzmqZ/zol02aZh8MJ4VX7VQLNO8JRGa/ZlVsoIqgSA/cEycEtY5HnVjDZSpzCJ/VsrYkB6Pa0FgchdfnSktn2BkpnUU+2HXIRE20f/srnNgeoGa+h9KIEMTwh2dl7PuH9eSTJunyam3iq8Al5+Cv6KDKLnSMLyk=</bank_sign></document>

07.02.2015 16:39:46
Kkb request: 
Signed_Order_B64: PGRvY3VtZW50PjxtZXJjaGFudCBjZXJ0X2lkPSIwMEMxODJCMTg5IiBuYW1lPSJUZXN0IHNob3AiPjxvcmRlciBvcmRlcl9pZD0iMDAwMDQ0IiBhbW91bnQ9IjgwLjAwIiBjdXJyZW5jeT0iMzk4Ij48ZGVwYXJ0bWVudCBtZXJjaGFudF9pZD0iOTIwNjExMDEiIGFtb3VudD0iODAuMDAiLz48L29yZGVyPjwvbWVyY2hhbnQ+PG1lcmNoYW50X3NpZ24gdHlwZT0iUlNBIj4vVjdaajNuZXZNS2srK3QyalBjTmtmTjlTYkJlRjc3RFkzaVBUWDlIMXpOTU5nMFJZNHJwMHhsbjRrK004a3NrYnVyTzRIMUxWVG41eUQwaVZCM2VBQT09PC9tZXJjaGFudF9zaWduPjwvZG9jdW1lbnQ+
Language: rus
BackLink: http://wordpress38.lcl/?page_id=6&order-received=44&key=wc_order_54d63fce2c4e9
FailureBackLink: http://wordpress38.lcl/?page_id=5&amp;cancel_order=true&amp;order=wc_order_54d63fce2c4e9&amp;order_id=44&amp;redirect&amp;_wpnonce=7088232375
PostLink: http://1b8af1ef.ngrok.com/?wc-api=WC_Gateway_Kkb
email: merzh23@gmail.com

07.02.2015 16:40:01
_receivedNotification: response:<document><bank name="Kazkommertsbank JSC"><customer name="cdsa csdacdsa" mail="merzh23@gmail.com" phone=""><merchant cert_id="00C182B189" name="null"><order order_id="000044" amount="80.00" currency="398"><department merchant_id="92061101" amount="80.00"/></order></merchant><merchant_sign type="RSA"/></customer><customer_sign type="RSA"/><results timestamp="2015-02-07 22:39:55"><payment merchant_id="92061101" card="440564-XX-XXXX-6150" amount="80.00" reference="150207223955" approval_code="223955" response_code="00" Secure="Yes" card_bin="KAZ" c_hash="13988BBF7C6649F799F36A4808490A3E"/></results></bank><bank_sign cert_id="00C18327E8" type="SHA/RSA">7iySFWPv5vVB7qCoKaeeRVP1mage4k39vyMS7NUIsZDof4s4bH4E6xq3fmXetasP3dDZnAAVLN89BEXd/wTmpe3iTcgduZYmaNeznioHAL8LTRwXvXuxJeOEFyyhG8VY/31kfhiRfbBPJxruktLbhQU+hTLmFksAhzmA8eE6TYY=</bank_sign></document>

08.02.2015 11:43:07
Kkb request: 
Signed_Order_B64: PGRvY3VtZW50PjxtZXJjaGFudCBjZXJ0X2lkPSIwMEMxODJCMTg5IiBuYW1lPSJUZXN0IHNob3AiPjxvcmRlciBvcmRlcl9pZD0iMDAwMDQ2IiBhbW91bnQ9IjE2MC4wMCIgY3VycmVuY3k9IjM5OCI+PGRlcGFydG1lbnQgbWVyY2hhbnRfaWQ9IjkyMDYxMTAxIiBhbW91bnQ9IjE2MC4wMCIvPjwvb3JkZXI+PC9tZXJjaGFudD48bWVyY2hhbnRfc2lnbiB0eXBlPSJSU0EiPnUzMkdwcW12OFQrZ0puUlNDemdxWmF3L2Y3NzlXZHppS2d1alZhZzl0V2ljZkhBMWpRYm9YSmRIOHlMZjZ5ZWVlMFEvUDA4Y0VNZGo0M2hwMVBHRlRnPT08L21lcmNoYW50X3NpZ24+PC9kb2N1bWVudD4=
Language: rus
BackLink: http://wordpress38.lcl/?page_id=6&order-received=46&key=wc_order_54d74bc80571e
FailureBackLink: http://wordpress38.lcl/?page_id=5&amp;cancel_order=true&amp;order=wc_order_54d74bc80571e&amp;order_id=46&amp;redirect&amp;_wpnonce=14c3a04fa4
PostLink: http://1b8af1ef.ngrok.com/?wc-api=WC_Gateway_Kkb
email: merzh23@gmail.com

08.02.2015 11:43:28
_receivedNotification: response:<document><bank name="Kazkommertsbank JSC"><customer name="cdsa csdacdsa" mail="merzh23@gmail.com" phone=""><merchant cert_id="00C182B189" name="null"><order order_id="000046" amount="160.00" currency="398"><department merchant_id="92061101" amount="160.00"/></order></merchant><merchant_sign type="RSA"/></customer><customer_sign type="RSA"/><results timestamp="2015-02-08 17:43:23"><payment merchant_id="92061101" card="440564-XX-XXXX-6150" amount="160.00" reference="150208174323" approval_code="174323" response_code="00" Secure="Yes" card_bin="KAZ" c_hash="13988BBF7C6649F799F36A4808490A3E"/></results></bank><bank_sign cert_id="00C18327E8" type="SHA/RSA">TxjaccwYByJkbUidxwEU/ZVRYenNn3yT2Wu+RjSk4w1OGHLQcgpFB9exhg7j/QJueikWC/yg5o4UvHP0NZ+08oeoM5CChTM1RytgfbEiGnanebhLLg8lr4zMJ+qTS2nGu5qehIGJ4RaGfvxMzYT05i415Ea/hSJHZmT+qQQ3U40=</bank_sign></document>

08.02.2015 11:45:23
_sendRequest: 
 url: http://3dsecure.kkb.kz/jsp/remote/control.jsp 
 xml: <document><merchant id="92061101"><command type="complete"/><payment reference="150207223955" approval_code="223955" orderid="000044" amount="80.00" currency_code="398"/><reason></reason></merchant><merchant_sign type="RSA" cert_id="00C182B189">QxYecSiNrQAW7B/LxIFjhkLE6y4f74ABVFlmyJMNRKC7zNN7cdmQwPIS3cYpOWSJkll/2xo7qgUjplhSoC9XFA==</merchant_sign></document> 

08.02.2015 11:45:24
<?xml version="1.0" encoding="UTF-8"?>
<document><bank name="Kazkommertsbank JSC"><merchant id="92061101"><command type="complete"/><payment reference="150207223955" approval_code="223955" orderid="000044" amount="80.00" currency_code="398"/><reason/></merchant><merchant_sign type="RSA" cert_id="00C182B189">QxYecSiNrQAW7B/LxIFjhkLE6y4f74ABVFlmyJMNRKC7zNN7cdmQwPIS3cYpOWSJkll/2xo7qgUjplhSoC9XFA==</merchant_sign><response code="00" message="Approved"/></bank><bank_sign type="RSA" cert_id="00C18327E8">4Rrdx4dWp4LkTQNntjDRh55cLplL8hUZdb2gEHsQKEMq8KEa/gVOoCHs/ZW1qv1YSuxHZ0grxWRh+ReAIbQ2TDaqZa80gyydwJWFuAVPF2Uqrhrd0wE8W1UA6uErcRYP1AejSLBfrT8jzniCiDuZB9WVR6xdHWa6rtzJJX6a3Sk=</bank_sign></document>

08.02.2015 11:46:58
_sendRequest: 
 url: http://3dsecure.kkb.kz/jsp/remote/control.jsp 
 xml: <document><merchant id="92061101"><command type="reverse"/><payment reference="150208174323" approval_code="174323" orderid="000046" amount="160.00" currency_code="398"/><reason>Transaction revert</reason></merchant><merchant_sign type="RSA" cert_id="00C182B189">3ggRFIm6hqLC85GNgWinL11X5hZflASBUzO/GOAfC6m6Av38TucTlTxbasUozyceheCtwEMsrcSm2stKS1Z3FA==</merchant_sign></document> 

08.02.2015 11:46:58
<?xml version="1.0" encoding="UTF-8"?>
<document><bank name="Kazkommertsbank JSC"><merchant id="92061101"><command type="reverse"/><payment reference="150208174323" approval_code="174323" orderid="000046" amount="160.00" currency_code="398"/><reason>Transaction revert</reason></merchant><merchant_sign type="RSA" cert_id="00C182B189">3ggRFIm6hqLC85GNgWinL11X5hZflASBUzO/GOAfC6m6Av38TucTlTxbasUozyceheCtwEMsrcSm2stKS1Z3FA==</merchant_sign><response code="00" message="Approved"/></bank><bank_sign type="RSA" cert_id="00C18327E8">JvBjCs/U15dYxUr/TaBo2VQdPWB//6E16jJZjNRMs2B6SeYF2Lw/o1cn8Mea2HnbTGwBtltgIAVvLPsHCmPKJM441tFd+5zlzR9zKLECvbhpqdhcykGhnVvbPKVXjWds82I16v8dq8efMSWXTzmjsFPF8HFC57kc9WbFaSGxz3s=</bank_sign></document>

